Using pre-set license
Built from '2020.3/staging' branch; Version is '2020.3.17f1 (a4537701e4ab) revision 10769271'; Using compiler version '192528614'; Build Type 'Release'
OS: 'Windows 10 Education; OS build 19042.1165; Version 2009; 64bit' Language: 'en' Physical Memory: 16247 MB
BatchMode: 1, IsHumanControllingUs: 0, StartBugReporterOnCrash: 0, Is64bit: 1, IsPro: 0

COMMAND LINE ARGUMENTS:
C:\Program Files\Unity\Hub\Editor\2020.3.17f1\Editor\Unity.exe
-adb2
-batchMode
-noUpm
-name
AssetImportWorker1
-projectPath
C:/Users/littl/Documents/Unity Projects/Skate-Punk
-logFile
Logs/AssetImportWorker1.log
-srvPort
62164
Successfully changed project path to: C:/Users/littl/Documents/Unity Projects/Skate-Punk
C:/Users/littl/Documents/Unity Projects/Skate-Punk
Using Asset Import Pipeline V2.
Refreshing native plugins compatible for Editor in 30.19 ms, found 2 plugins.
Preloading 0 native plugins for Editor in 0.00 ms.
Initialize engine version: 2020.3.17f1 (a4537701e4ab)
[Subsystems] Discovering subsystems at path C:/Program Files/Unity/Hub/Editor/2020.3.17f1/Editor/Data/Resources/UnitySubsystems
[Subsystems] Discovering subsystems at path C:/Users/littl/Documents/Unity Projects/Skate-Punk/Assets
GfxDevice: creating device client; threaded=0
Direct3D:
    Version:  Direct3D 11.0 [level 11.1]
    Renderer: Intel(R) UHD Graphics 630 (ID=0x3e98)
    Vendor:   
    VRAM:     8123 MB
    Driver:   27.20.100.8681
Initialize mono
Mono path[0] = 'C:/Program Files/Unity/Hub/Editor/2020.3.17f1/Editor/Data/Managed'
Mono path[1] = 'C:/Program Files/Unity/Hub/Editor/2020.3.17f1/Editor/Data/MonoBleedingEdge/lib/mono/unityjit'
Mono config path = 'C:/Program Files/Unity/Hub/Editor/2020.3.17f1/Editor/Data/MonoBleedingEdge/etc'
Using monoOptions --debugger-agent=transport=dt_socket,embedding=1,server=y,suspend=n,address=127.0.0.1:56096
Begin MonoManager ReloadAssembly
Registering precompiled unity dll's ...
Register platform support module: C:/Program Files/Unity/Hub/Editor/2020.3.17f1/Editor/Data/PlaybackEngines/WebGLSupport/UnityEditor.WebGL.Extensions.dll
Register platform support module: C:/Program Files/Unity/Hub/Editor/2020.3.17f1/Editor/Data/PlaybackEngines/MacStandaloneSupport/UnityEditor.OSXStandalone.Extensions.dll
Register platform support module: C:/Program Files/Unity/Hub/Editor/2020.3.17f1/Editor/Data/PlaybackEngines/WindowsStandaloneSupport/UnityEditor.WindowsStandalone.Extensions.dll
Registered in 0.002242 seconds.
Native extension for WindowsStandalone target not found
Native extension for OSXStandalone target not found
Native extension for WebGL target not found
Refreshing native plugins compatible for Editor in 39.56 ms, found 2 plugins.
Preloading 0 native plugins for Editor in 0.00 ms.
Mono: successfully reloaded assembly
- Completed reload, in  1.300 seconds
Domain Reload Profiling:
	ReloadAssembly (1300ms)
		BeginReloadAssembly (47ms)
			ExecutionOrderSort (0ms)
			DisableScriptedObjects (0ms)
			BackupInstance (0ms)
			ReleaseScriptingObjects (0ms)
			CreateAndSetChildDomain (1ms)
		EndReloadAssembly (524ms)
			LoadAssemblies (46ms)
			RebuildTransferFunctionScriptingTraits (0ms)
			SetupTypeCache (136ms)
			ReleaseScriptCaches (0ms)
			RebuildScriptCaches (28ms)
			SetupLoadedEditorAssemblies (292ms)
				LogAssemblyErrors (0ms)
				InitializePlatformSupportModulesInManaged (5ms)
				SetLoadedEditorAssemblies (0ms)
				RefreshPlugins (40ms)
				BeforeProcessingInitializeOnLoad (94ms)
				ProcessInitializeOnLoadAttributes (99ms)
				ProcessInitializeOnLoadMethodAttributes (54ms)
				AfterProcessingInitializeOnLoad (0ms)
				EditorAssembliesLoaded (0ms)
			ExecutionOrderSort2 (0ms)
			AwakeInstancesAfterBackupRestoration (0ms)
Platform modules already initialized, skipping
Registering precompiled user dll's ...
Registered in 0.003116 seconds.
Begin MonoManager ReloadAssembly
Native extension for WindowsStandalone target not found
Native extension for OSXStandalone target not found
Native extension for WebGL target not found
Refreshing native plugins compatible for Editor in 29.68 ms, found 2 plugins.
Preloading 0 native plugins for Editor in 0.00 ms.
Mono: successfully reloaded assembly
- Completed reload, in  1.099 seconds
Domain Reload Profiling:
	ReloadAssembly (1099ms)
		BeginReloadAssembly (130ms)
			ExecutionOrderSort (0ms)
			DisableScriptedObjects (4ms)
			BackupInstance (0ms)
			ReleaseScriptingObjects (0ms)
			CreateAndSetChildDomain (19ms)
		EndReloadAssembly (914ms)
			LoadAssemblies (73ms)
			RebuildTransferFunctionScriptingTraits (0ms)
			SetupTypeCache (260ms)
			ReleaseScriptCaches (0ms)
			RebuildScriptCaches (40ms)
			SetupLoadedEditorAssemblies (431ms)
				LogAssemblyErrors (0ms)
				InitializePlatformSupportModulesInManaged (5ms)
				SetLoadedEditorAssemblies (0ms)
				RefreshPlugins (30ms)
				BeforeProcessingInitializeOnLoad (59ms)
				ProcessInitializeOnLoadAttributes (328ms)
				ProcessInitializeOnLoadMethodAttributes (4ms)
				AfterProcessingInitializeOnLoad (5ms)
				EditorAssembliesLoaded (0ms)
			ExecutionOrderSort2 (0ms)
			AwakeInstancesAfterBackupRestoration (6ms)
Platform modules already initialized, skipping
========================================================================
Worker process is ready to serve import requests
Launched and connected shader compiler UnityShaderCompiler.exe after 0.06 seconds
Refreshing native plugins compatible for Editor in 0.39 ms, found 2 plugins.
Preloading 0 native plugins for Editor in 0.00 ms.
Unloading 1668 Unused Serialized files (Serialized files now loaded: 0)
System memory in use before: 77.2 MB.
System memory in use after: 77.2 MB.

Unloading 19 unused Assets to reduce memory usage. Loaded Objects now: 2111.
Total: 2.601800 ms (FindLiveObjects: 0.147000 ms CreateObjectMapping: 0.052000 ms MarkObjects: 2.343200 ms  DeleteObjects: 0.058800 ms)

AssetImportParameters requested are different than current active one (requested -> active):
  custom:framework-win-MediaFoundation: 216162199b28c13a410421893ffa2e32 -> 
  custom:video-decoder-ogg-theora: a1e56fd34408186e4bbccfd4996cb3dc -> 
  custom:container-muxer-webm: aa71ff27fc2769a1b78a27578f13a17b -> 
  custom:container-demuxer-webm: 4f35f7cbe854078d1ac9338744f61a02 -> 
  custom:container-demuxer-ogg: 62fdf1f143b41e24485cea50d1cbac27 -> 
  custom:video-encoder-webm-vp8: eb34c28f22e8b96e1ab97ce403110664 -> 
  custom:video-decoder-webm-vp8: 9c59270c3fd7afecdb556c50c9e8de78 -> 
  custom:audio-decoder-ogg-vorbis: bf7c407c2cedff20999df2af8eb42d56 -> 
  custom:audio-encoder-webm-vorbis: bf7c407c2cedff20999df2af8eb42d56 -> 
========================================================================
Received Import Request.
  path: Assets/Sprites/Npcs/FrogThing not lie.png
  artifactKey: Guid(23a1d2079be3785458b0a69f0c223e3e) Importer(815301076,1909f56bfc062723c751e8b465ee728b)
Start importing Assets/Sprites/Npcs/FrogThing not lie.png using Guid(23a1d2079be3785458b0a69f0c223e3e) Importer(815301076,1909f56bfc062723c751e8b465ee728b)  -> (artifact id: '2fa957f782281df84926708a209f0837') in 0.049428 seconds 
  Import took 0.051746 seconds .

========================================================================
Received Import Request.
  Time since last request: 0.000247 seconds.
  path: Assets/Sprites/Npcs/Worm not lie.png
  artifactKey: Guid(ea147fc0fc1ded345a5bdd905a46c746) Importer(815301076,1909f56bfc062723c751e8b465ee728b)
Start importing Assets/Sprites/Npcs/Worm not lie.png using Guid(ea147fc0fc1ded345a5bdd905a46c746) Importer(815301076,1909f56bfc062723c751e8b465ee728b)  -> (artifact id: 'e3960414a6f4397598d99499740a59cc') in 0.029796 seconds 
  Import took 0.032496 seconds .

========================================================================
Received Import Request.
  Time since last request: 0.000836 seconds.
  path: Assets/Sprites/Npcs/Worm lie.png
  artifactKey: Guid(bf434735b7eae8145863d6c5c22e851c) Importer(815301076,1909f56bfc062723c751e8b465ee728b)
Start importing Assets/Sprites/Npcs/Worm lie.png using Guid(bf434735b7eae8145863d6c5c22e851c) Importer(815301076,1909f56bfc062723c751e8b465ee728b)  -> (artifact id: '54909fa9ff2c474c56392ebe16553c54') in 0.032578 seconds 
  Import took 0.037038 seconds .

========================================================================
Received Import Request.
  Time since last request: 0.000210 seconds.
  path: Assets/Sprites/Npcs/SkullOnPedestal not lie.png
  artifactKey: Guid(83575974317bad04aae829bd1f27a0df) Importer(815301076,1909f56bfc062723c751e8b465ee728b)
Start importing Assets/Sprites/Npcs/SkullOnPedestal not lie.png using Guid(83575974317bad04aae829bd1f27a0df) Importer(815301076,1909f56bfc062723c751e8b465ee728b)  -> (artifact id: '395074de886e0fdccc7318322ff0cdba') in 0.040443 seconds 
  Import took 0.043908 seconds .

========================================================================
Received Import Request.
  Time since last request: 0.000163 seconds.
  path: Assets/Sprites/Npcs/Porcupine lie.png
  artifactKey: Guid(553f03c3dd46bab4bbde0f8551a853fa) Importer(815301076,1909f56bfc062723c751e8b465ee728b)
Start importing Assets/Sprites/Npcs/Porcupine lie.png using Guid(553f03c3dd46bab4bbde0f8551a853fa) Importer(815301076,1909f56bfc062723c751e8b465ee728b)  -> (artifact id: 'b61c3e97f863a6fd2c51093f9abf9583') in 0.058204 seconds 
  Import took 0.062139 seconds .

========================================================================
Received Import Request.
  Time since last request: 0.000189 seconds.
  path: Assets/Sprites/Npcs/Blob not lie.png
  artifactKey: Guid(99faa00240fbd3d429c252a5dcc99569) Importer(815301076,1909f56bfc062723c751e8b465ee728b)
Start importing Assets/Sprites/Npcs/Blob not lie.png using Guid(99faa00240fbd3d429c252a5dcc99569) Importer(815301076,1909f56bfc062723c751e8b465ee728b)  -> (artifact id: '75105db73c7396568cbbb6c25365b615') in 0.033948 seconds 
  Import took 0.036595 seconds .

========================================================================
Received Import Request.
  Time since last request: 0.000157 seconds.
  path: Assets/Sprites/Npcs/SkullOnPedestal lie.png
  artifactKey: Guid(990f37033c338f040945a91a6c16aa7d) Importer(815301076,1909f56bfc062723c751e8b465ee728b)
Start importing Assets/Sprites/Npcs/SkullOnPedestal lie.png using Guid(990f37033c338f040945a91a6c16aa7d) Importer(815301076,1909f56bfc062723c751e8b465ee728b)  -> (artifact id: '5b766e5ad5f915a04ff3efe03a9da446') in 0.038286 seconds 
  Import took 0.041775 seconds .

========================================================================
Received Import Request.
  Time since last request: 0.000189 seconds.
  path: Assets/Sprites/Npcs/FrogThing lie.png
  artifactKey: Guid(3aa8f079d8c2c654984985653b262a3d) Importer(815301076,1909f56bfc062723c751e8b465ee728b)
Start importing Assets/Sprites/Npcs/FrogThing lie.png using Guid(3aa8f079d8c2c654984985653b262a3d) Importer(815301076,1909f56bfc062723c751e8b465ee728b)  -> (artifact id: 'deb44404537d2380b4af3504ffc5576d') in 0.035848 seconds 
  Import took 0.040373 seconds .

========================================================================
Received Import Request.
  Time since last request: 0.000160 seconds.
  path: Assets/Sprites/Npcs/Porcupine not lie.png
  artifactKey: Guid(ea465802bcf408147b3fee6106ca8ca4) Importer(815301076,1909f56bfc062723c751e8b465ee728b)
Start importing Assets/Sprites/Npcs/Porcupine not lie.png using Guid(ea465802bcf408147b3fee6106ca8ca4) Importer(815301076,1909f56bfc062723c751e8b465ee728b)  -> (artifact id: '2ba74f51b0aa949ed4b1cf53a20ee0c2') in 0.027573 seconds 
  Import took 0.030914 seconds .

========================================================================
Received Import Request.
  Time since last request: 0.000793 seconds.
  path: Assets/Sprites/Npcs/Blob lie.png
  artifactKey: Guid(e5df5c27470a07141ac80982b38779d3) Importer(815301076,1909f56bfc062723c751e8b465ee728b)
Start importing Assets/Sprites/Npcs/Blob lie.png using Guid(e5df5c27470a07141ac80982b38779d3) Importer(815301076,1909f56bfc062723c751e8b465ee728b)  -> (artifact id: '906e441c07467f1b4649c1ccd5b5013a') in 0.028475 seconds 
  Import took 0.032388 seconds .

========================================================================
Received Import Request.
  Time since last request: 12.440074 seconds.
  path: Assets/Sprites/Npcs/Porcupine lie.png
  artifactKey: Guid(553f03c3dd46bab4bbde0f8551a853fa) Importer(815301076,1909f56bfc062723c751e8b465ee728b)
Start importing Assets/Sprites/Npcs/Porcupine lie.png using Guid(553f03c3dd46bab4bbde0f8551a853fa) Importer(815301076,1909f56bfc062723c751e8b465ee728b)  -> (artifact id: 'a0b03b19a7ec2a479f9f9b935baaba1e') in 0.077178 seconds 
  Import took 0.079769 seconds .

========================================================================
Received Import Request.
  Time since last request: 0.000304 seconds.
  path: Assets/Sprites/Npcs/FrogThing not lie.png
  artifactKey: Guid(23a1d2079be3785458b0a69f0c223e3e) Importer(815301076,1909f56bfc062723c751e8b465ee728b)
Start importing Assets/Sprites/Npcs/FrogThing not lie.png using Guid(23a1d2079be3785458b0a69f0c223e3e) Importer(815301076,1909f56bfc062723c751e8b465ee728b)  -> (artifact id: 'f9adaa0508a2e4c6528bd48ebe0fd144') in 0.160722 seconds 
  Import took 0.169093 seconds .

========================================================================
Received Import Request.
  Time since last request: 0.000601 seconds.
  path: Assets/Sprites/Npcs/Worm not lie.png
  artifactKey: Guid(ea147fc0fc1ded345a5bdd905a46c746) Importer(815301076,1909f56bfc062723c751e8b465ee728b)
Start importing Assets/Sprites/Npcs/Worm not lie.png using Guid(ea147fc0fc1ded345a5bdd905a46c746) Importer(815301076,1909f56bfc062723c751e8b465ee728b)  -> (artifact id: 'b7af21d82f1cddbdb0857067fbd2cee1') in 0.061846 seconds 
  Import took 0.067811 seconds .

========================================================================
Received Import Request.
  Time since last request: 0.000458 seconds.
  path: Assets/Sprites/Npcs/Worm lie.png
  artifactKey: Guid(bf434735b7eae8145863d6c5c22e851c) Importer(815301076,1909f56bfc062723c751e8b465ee728b)
Start importing Assets/Sprites/Npcs/Worm lie.png using Guid(bf434735b7eae8145863d6c5c22e851c) Importer(815301076,1909f56bfc062723c751e8b465ee728b)  -> (artifact id: 'bbe4f86b8538aba9cb5291d3b31ed006') in 0.019457 seconds 
  Import took 0.022368 seconds .

========================================================================
Received Import Request.
  Time since last request: 0.000251 seconds.
  path: Assets/Sprites/Npcs/SkullOnPedestal not lie.png
  artifactKey: Guid(83575974317bad04aae829bd1f27a0df) Importer(815301076,1909f56bfc062723c751e8b465ee728b)
Start importing Assets/Sprites/Npcs/SkullOnPedestal not lie.png using Guid(83575974317bad04aae829bd1f27a0df) Importer(815301076,1909f56bfc062723c751e8b465ee728b)  -> (artifact id: 'f3ae17a3a7b2d945e9e35019815c2f43') in 0.031869 seconds 
  Import took 0.034729 seconds .

========================================================================
Received Import Request.
  Time since last request: 0.000197 seconds.
  path: Assets/Sprites/Npcs/Blob not lie.png
  artifactKey: Guid(99faa00240fbd3d429c252a5dcc99569) Importer(815301076,1909f56bfc062723c751e8b465ee728b)
Start importing Assets/Sprites/Npcs/Blob not lie.png using Guid(99faa00240fbd3d429c252a5dcc99569) Importer(815301076,1909f56bfc062723c751e8b465ee728b)  -> (artifact id: 'fe087063200d19c077608b90b2c414e9') in 0.033391 seconds 
  Import took 0.037991 seconds .

========================================================================
Received Import Request.
  Time since last request: 0.000303 seconds.
  path: Assets/Sprites/Npcs/SkullOnPedestal lie.png
  artifactKey: Guid(990f37033c338f040945a91a6c16aa7d) Importer(815301076,1909f56bfc062723c751e8b465ee728b)
Start importing Assets/Sprites/Npcs/SkullOnPedestal lie.png using Guid(990f37033c338f040945a91a6c16aa7d) Importer(815301076,1909f56bfc062723c751e8b465ee728b)  -> (artifact id: '4e665e46b366840c0b4908fce323b870') in 0.031949 seconds 
  Import took 0.039580 seconds .

========================================================================
Received Import Request.
  Time since last request: 0.000378 seconds.
  path: Assets/Sprites/Npcs/FrogThing lie.png
  artifactKey: Guid(3aa8f079d8c2c654984985653b262a3d) Importer(815301076,1909f56bfc062723c751e8b465ee728b)
Start importing Assets/Sprites/Npcs/FrogThing lie.png using Guid(3aa8f079d8c2c654984985653b262a3d) Importer(815301076,1909f56bfc062723c751e8b465ee728b)  -> (artifact id: '2e94679a42d208c0fc5175c1b6a2a03f') in 0.045061 seconds 
  Import took 0.048102 seconds .

========================================================================
Received Import Request.
  Time since last request: 0.000200 seconds.
  path: Assets/Sprites/Npcs/Porcupine not lie.png
  artifactKey: Guid(ea465802bcf408147b3fee6106ca8ca4) Importer(815301076,1909f56bfc062723c751e8b465ee728b)
Start importing Assets/Sprites/Npcs/Porcupine not lie.png using Guid(ea465802bcf408147b3fee6106ca8ca4) Importer(815301076,1909f56bfc062723c751e8b465ee728b)  -> (artifact id: '834080322da0c4c41e6d22840a7fe877') in 0.028532 seconds 
  Import took 0.031250 seconds .

========================================================================
Received Import Request.
  Time since last request: 0.000131 seconds.
  path: Assets/Sprites/Npcs/Blob lie.png
  artifactKey: Guid(e5df5c27470a07141ac80982b38779d3) Importer(815301076,1909f56bfc062723c751e8b465ee728b)
Start importing Assets/Sprites/Npcs/Blob lie.png using Guid(e5df5c27470a07141ac80982b38779d3) Importer(815301076,1909f56bfc062723c751e8b465ee728b)  -> (artifact id: '8169cb8d3cc7ee14e00e82ee350bbd7e') in 0.038656 seconds 
  Import took 0.040897 seconds .

========================================================================
Received Import Request.
  Time since last request: 0.011703 seconds.
  path: Assets/Sprites/Npcs/Porcupine not lie.png
  artifactKey: Guid(ea465802bcf408147b3fee6106ca8ca4) Importer(815301076,1909f56bfc062723c751e8b465ee728b)
Start importing Assets/Sprites/Npcs/Porcupine not lie.png using Guid(ea465802bcf408147b3fee6106ca8ca4) Importer(815301076,1909f56bfc062723c751e8b465ee728b)  -> (artifact id: '834080322da0c4c41e6d22840a7fe877') in 0.042290 seconds 
  Import took 0.049391 seconds .

========================================================================
Received Import Request.
  Time since last request: 7.244403 seconds.
  path: Assets/Sprites/Npcs/Porcupine lie.png
  artifactKey: Guid(553f03c3dd46bab4bbde0f8551a853fa) Importer(815301076,1909f56bfc062723c751e8b465ee728b)
Start importing Assets/Sprites/Npcs/Porcupine lie.png using Guid(553f03c3dd46bab4bbde0f8551a853fa) Importer(815301076,1909f56bfc062723c751e8b465ee728b)  -> (artifact id: '8d9b6cd7356d028334336be309d5f1d3') in 0.051421 seconds 
  Import took 0.054505 seconds .

========================================================================
Received Import Request.
  Time since last request: 0.000239 seconds.
  path: Assets/Sprites/Npcs/FrogThing not lie.png
  artifactKey: Guid(23a1d2079be3785458b0a69f0c223e3e) Importer(815301076,1909f56bfc062723c751e8b465ee728b)
Start importing Assets/Sprites/Npcs/FrogThing not lie.png using Guid(23a1d2079be3785458b0a69f0c223e3e) Importer(815301076,1909f56bfc062723c751e8b465ee728b)  -> (artifact id: '93c7d3c89bde78fcf29fe5251eb11b85') in 0.086013 seconds 
  Import took 0.094681 seconds .

========================================================================
Received Import Request.
  Time since last request: 0.000447 seconds.
  path: Assets/Sprites/Npcs/Worm not lie.png
  artifactKey: Guid(ea147fc0fc1ded345a5bdd905a46c746) Importer(815301076,1909f56bfc062723c751e8b465ee728b)
Start importing Assets/Sprites/Npcs/Worm not lie.png using Guid(ea147fc0fc1ded345a5bdd905a46c746) Importer(815301076,1909f56bfc062723c751e8b465ee728b)  -> (artifact id: '56bd191626a3106a125e524f2e0435ff') in 0.108117 seconds 
  Import took 0.113015 seconds .

========================================================================
Received Import Request.
  Time since last request: 0.000415 seconds.
  path: Assets/Sprites/Npcs/Worm lie.png
  artifactKey: Guid(bf434735b7eae8145863d6c5c22e851c) Importer(815301076,1909f56bfc062723c751e8b465ee728b)
Start importing Assets/Sprites/Npcs/Worm lie.png using Guid(bf434735b7eae8145863d6c5c22e851c) Importer(815301076,1909f56bfc062723c751e8b465ee728b)  -> (artifact id: '0ac2ef3e0e8b06fe6573c45ef636c562') in 0.051121 seconds 
  Import took 0.058455 seconds .

========================================================================
Received Import Request.
  Time since last request: 0.000218 seconds.
  path: Assets/Sprites/Npcs/SkullOnPedestal not lie.png
  artifactKey: Guid(83575974317bad04aae829bd1f27a0df) Importer(815301076,1909f56bfc062723c751e8b465ee728b)
Start importing Assets/Sprites/Npcs/SkullOnPedestal not lie.png using Guid(83575974317bad04aae829bd1f27a0df) Importer(815301076,1909f56bfc062723c751e8b465ee728b)  -> (artifact id: 'af37496a773d875f22c58da9f10dffc2') in 0.043919 seconds 
  Import took 0.049524 seconds .

========================================================================
Received Import Request.
  Time since last request: 0.000506 seconds.
  path: Assets/Sprites/Npcs/Blob not lie.png
  artifactKey: Guid(99faa00240fbd3d429c252a5dcc99569) Importer(815301076,1909f56bfc062723c751e8b465ee728b)
Start importing Assets/Sprites/Npcs/Blob not lie.png using Guid(99faa00240fbd3d429c252a5dcc99569) Importer(815301076,1909f56bfc062723c751e8b465ee728b)  -> (artifact id: '87305b5807b841b39f40712dbb021869') in 0.038157 seconds 
  Import took 0.043292 seconds .

========================================================================
Received Import Request.
  Time since last request: 0.000196 seconds.
  path: Assets/Sprites/Npcs/SkullOnPedestal lie.png
  artifactKey: Guid(990f37033c338f040945a91a6c16aa7d) Importer(815301076,1909f56bfc062723c751e8b465ee728b)
Start importing Assets/Sprites/Npcs/SkullOnPedestal lie.png using Guid(990f37033c338f040945a91a6c16aa7d) Importer(815301076,1909f56bfc062723c751e8b465ee728b)  -> (artifact id: 'a089b4f05ed1e0703e6ce62c425b6435') in 0.038040 seconds 
  Import took 0.044958 seconds .

========================================================================
Received Import Request.
  Time since last request: 0.000256 seconds.
  path: Assets/Sprites/Npcs/FrogThing lie.png
  artifactKey: Guid(3aa8f079d8c2c654984985653b262a3d) Importer(815301076,1909f56bfc062723c751e8b465ee728b)
Start importing Assets/Sprites/Npcs/FrogThing lie.png using Guid(3aa8f079d8c2c654984985653b262a3d) Importer(815301076,1909f56bfc062723c751e8b465ee728b)  -> (artifact id: '35da412218e757e29f01248adea19ad1') in 0.026857 seconds 
  Import took 0.030996 seconds .

========================================================================
Received Import Request.
  Time since last request: 0.000229 seconds.
  path: Assets/Sprites/Npcs/Porcupine not lie.png
  artifactKey: Guid(ea465802bcf408147b3fee6106ca8ca4) Importer(815301076,1909f56bfc062723c751e8b465ee728b)
Start importing Assets/Sprites/Npcs/Porcupine not lie.png using Guid(ea465802bcf408147b3fee6106ca8ca4) Importer(815301076,1909f56bfc062723c751e8b465ee728b)  -> (artifact id: '551cb5281a8530451e026cb36fa03f12') in 0.045033 seconds 
  Import took 0.048214 seconds .

========================================================================
Received Import Request.
  Time since last request: 0.000304 seconds.
  path: Assets/Sprites/Npcs/Blob lie.png
  artifactKey: Guid(e5df5c27470a07141ac80982b38779d3) Importer(815301076,1909f56bfc062723c751e8b465ee728b)
Start importing Assets/Sprites/Npcs/Blob lie.png using Guid(e5df5c27470a07141ac80982b38779d3) Importer(815301076,1909f56bfc062723c751e8b465ee728b)  -> (artifact id: '93962de748088f00aff658ca38430abf') in 0.022845 seconds 
  Import took 0.029039 seconds .

========================================================================
Received Prepare
Registering precompiled user dll's ...
Registered in 0.002931 seconds.
Begin MonoManager ReloadAssembly
Native extension for WindowsStandalone target not found
Native extension for OSXStandalone target not found
Native extension for WebGL target not found
Refreshing native plugins compatible for Editor in 0.35 ms, found 2 plugins.
Preloading 0 native plugins for Editor in 0.00 ms.
Mono: successfully reloaded assembly
- Completed reload, in  0.957 seconds
Domain Reload Profiling:
	ReloadAssembly (957ms)
		BeginReloadAssembly (103ms)
			ExecutionOrderSort (0ms)
			DisableScriptedObjects (4ms)
			BackupInstance (0ms)
			ReleaseScriptingObjects (0ms)
			CreateAndSetChildDomain (30ms)
		EndReloadAssembly (802ms)
			LoadAssemblies (70ms)
			RebuildTransferFunctionScriptingTraits (0ms)
			SetupTypeCache (242ms)
			ReleaseScriptCaches (1ms)
			RebuildScriptCaches (32ms)
			SetupLoadedEditorAssemblies (363ms)
				LogAssemblyErrors (0ms)
				InitializePlatformSupportModulesInManaged (5ms)
				SetLoadedEditorAssemblies (0ms)
				RefreshPlugins (0ms)
				BeforeProcessingInitializeOnLoad (59ms)
				ProcessInitializeOnLoadAttributes (290ms)
				ProcessInitializeOnLoadMethodAttributes (3ms)
				AfterProcessingInitializeOnLoad (5ms)
				EditorAssembliesLoaded (0ms)
			ExecutionOrderSort2 (0ms)
			AwakeInstancesAfterBackupRestoration (6ms)
Platform modules already initialized, skipping
Refreshing native plugins compatible for Editor in 0.35 ms, found 2 plugins.
Preloading 0 native plugins for Editor in 0.00 ms.
Unloading 1662 Unused Serialized files (Serialized files now loaded: 0)
System memory in use before: 80.2 MB.
System memory in use after: 80.3 MB.

Unloading 13 unused Assets to reduce memory usage. Loaded Objects now: 2120.
Total: 2.574100 ms (FindLiveObjects: 0.150300 ms CreateObjectMapping: 0.049200 ms MarkObjects: 2.359600 ms  DeleteObjects: 0.014100 ms)

AssetImportParameters requested are different than current active one (requested -> active):
  custom:framework-win-MediaFoundation: 216162199b28c13a410421893ffa2e32 -> 
  custom:video-decoder-ogg-theora: a1e56fd34408186e4bbccfd4996cb3dc -> 
  custom:container-muxer-webm: aa71ff27fc2769a1b78a27578f13a17b -> 
  custom:container-demuxer-webm: 4f35f7cbe854078d1ac9338744f61a02 -> 
  custom:container-demuxer-ogg: 62fdf1f143b41e24485cea50d1cbac27 -> 
  custom:video-encoder-webm-vp8: eb34c28f22e8b96e1ab97ce403110664 -> 
  custom:video-decoder-webm-vp8: 9c59270c3fd7afecdb556c50c9e8de78 -> 
  custom:audio-decoder-ogg-vorbis: bf7c407c2cedff20999df2af8eb42d56 -> 
  custom:audio-encoder-webm-vorbis: bf7c407c2cedff20999df2af8eb42d56 -> 
========================================================================
Received Import Request.
  Time since last request: 1178.014855 seconds.
  path: Assets/models/better quarter pipe.blend
  artifactKey: Guid(6e3242fbd8be3ce4bb5abf6f2c54175e) Importer(815301076,1909f56bfc062723c751e8b465ee728b)
Start importing Assets/models/better quarter pipe.blend using Guid(6e3242fbd8be3ce4bb5abf6f2c54175e) Importer(815301076,1909f56bfc062723c751e8b465ee728b)  -> (artifact id: 'c01f6c3cb9c93c9575b942ae666e4914') in 0.096702 seconds 
  Import took 0.102778 seconds .

========================================================================
Received Import Request.
  Time since last request: 89.703513 seconds.
  path: Assets/models/Materials/quarter pipe.mat
  artifactKey: Guid(8c5a622a02048b34cbd4202aab7303be) Importer(815301076,1909f56bfc062723c751e8b465ee728b)
Start importing Assets/models/Materials/quarter pipe.mat using Guid(8c5a622a02048b34cbd4202aab7303be) Importer(815301076,1909f56bfc062723c751e8b465ee728b)  -> (artifact id: '07e13d82e553e0b29dee05d874d7c681') in 0.056677 seconds 
  Import took 0.059591 seconds .

========================================================================
Received Import Request.
  Time since last request: 56.006201 seconds.
  path: Assets/models/better quarter pipe.blend
  artifactKey: Guid(6e3242fbd8be3ce4bb5abf6f2c54175e) Importer(815301076,1909f56bfc062723c751e8b465ee728b)
Start importing Assets/models/better quarter pipe.blend using Guid(6e3242fbd8be3ce4bb5abf6f2c54175e) Importer(815301076,1909f56bfc062723c751e8b465ee728b)  -> (artifact id: '3567e4c7d8a98fefa8c6ff8ffcfa8a2e') in 0.034370 seconds 
  Import took 0.038457 seconds .

========================================================================
Received Import Request.
  Time since last request: 123.661361 seconds.
  path: Assets/models/better quarter pipe.blend
  artifactKey: Guid(6e3242fbd8be3ce4bb5abf6f2c54175e) Importer(815301076,1909f56bfc062723c751e8b465ee728b)
Start importing Assets/models/better quarter pipe.blend using Guid(6e3242fbd8be3ce4bb5abf6f2c54175e) Importer(815301076,1909f56bfc062723c751e8b465ee728b)  -> (artifact id: '0f4f6908d687c0372a40000073414bcb') in 0.057664 seconds 
  Import took 0.062222 seconds .

========================================================================
Received Prepare
Registering precompiled user dll's ...
Registered in 0.002988 seconds.
Begin MonoManager ReloadAssembly
Native extension for WindowsStandalone target not found
Native extension for OSXStandalone target not found
Native extension for WebGL target not found
Refreshing native plugins compatible for Editor in 0.35 ms, found 2 plugins.
Preloading 0 native plugins for Editor in 0.00 ms.
Mono: successfully reloaded assembly
- Completed reload, in  0.963 seconds
Domain Reload Profiling:
	ReloadAssembly (963ms)
		BeginReloadAssembly (108ms)
			ExecutionOrderSort (0ms)
			DisableScriptedObjects (4ms)
			BackupInstance (0ms)
			ReleaseScriptingObjects (0ms)
			CreateAndSetChildDomain (32ms)
		EndReloadAssembly (795ms)
			LoadAssemblies (75ms)
			RebuildTransferFunctionScriptingTraits (0ms)
			SetupTypeCache (245ms)
			ReleaseScriptCaches (1ms)
			RebuildScriptCaches (34ms)
			SetupLoadedEditorAssemblies (343ms)
				LogAssemblyErrors (0ms)
				InitializePlatformSupportModulesInManaged (5ms)
				SetLoadedEditorAssemblies (0ms)
				RefreshPlugins (0ms)
				BeforeProcessingInitializeOnLoad (63ms)
				ProcessInitializeOnLoadAttributes (266ms)
				ProcessInitializeOnLoadMethodAttributes (3ms)
				AfterProcessingInitializeOnLoad (5ms)
				EditorAssembliesLoaded (0ms)
			ExecutionOrderSort2 (0ms)
			AwakeInstancesAfterBackupRestoration (6ms)
Platform modules already initialized, skipping
Refreshing native plugins compatible for Editor in 0.37 ms, found 2 plugins.
Preloading 0 native plugins for Editor in 0.00 ms.
Unloading 1662 Unused Serialized files (Serialized files now loaded: 0)
System memory in use before: 80.6 MB.
System memory in use after: 80.7 MB.

Unloading 13 unused Assets to reduce memory usage. Loaded Objects now: 2163.
Total: 4.430400 ms (FindLiveObjects: 0.397300 ms CreateObjectMapping: 0.172700 ms MarkObjects: 3.839700 ms  DeleteObjects: 0.018100 ms)

AssetImportParameters requested are different than current active one (requested -> active):
  custom:framework-win-MediaFoundation: 216162199b28c13a410421893ffa2e32 -> 
  custom:video-decoder-ogg-theora: a1e56fd34408186e4bbccfd4996cb3dc -> 
  custom:container-muxer-webm: aa71ff27fc2769a1b78a27578f13a17b -> 
  custom:container-demuxer-webm: 4f35f7cbe854078d1ac9338744f61a02 -> 
  custom:container-demuxer-ogg: 62fdf1f143b41e24485cea50d1cbac27 -> 
  custom:video-encoder-webm-vp8: eb34c28f22e8b96e1ab97ce403110664 -> 
  custom:video-decoder-webm-vp8: 9c59270c3fd7afecdb556c50c9e8de78 -> 
  custom:audio-decoder-ogg-vorbis: bf7c407c2cedff20999df2af8eb42d56 -> 
  custom:audio-encoder-webm-vorbis: bf7c407c2cedff20999df2af8eb42d56 -> 
========================================================================
Received Prepare
Registering precompiled user dll's ...
Registered in 0.002851 seconds.
Begin MonoManager ReloadAssembly
Native extension for WindowsStandalone target not found
Native extension for OSXStandalone target not found
Native extension for WebGL target not found
Refreshing native plugins compatible for Editor in 0.35 ms, found 2 plugins.
Preloading 0 native plugins for Editor in 0.00 ms.
Mono: successfully reloaded assembly
- Completed reload, in  0.876 seconds
Domain Reload Profiling:
	ReloadAssembly (877ms)
		BeginReloadAssembly (99ms)
			ExecutionOrderSort (0ms)
			DisableScriptedObjects (4ms)
			BackupInstance (0ms)
			ReleaseScriptingObjects (0ms)
			CreateAndSetChildDomain (27ms)
		EndReloadAssembly (727ms)
			LoadAssemblies (67ms)
			RebuildTransferFunctionScriptingTraits (0ms)
			SetupTypeCache (225ms)
			ReleaseScriptCaches (1ms)
			RebuildScriptCaches (32ms)
			SetupLoadedEditorAssemblies (314ms)
				LogAssemblyErrors (0ms)
				InitializePlatformSupportModulesInManaged (5ms)
				SetLoadedEditorAssemblies (0ms)
				RefreshPlugins (0ms)
				BeforeProcessingInitializeOnLoad (57ms)
				ProcessInitializeOnLoadAttributes (243ms)
				ProcessInitializeOnLoadMethodAttributes (3ms)
				AfterProcessingInitializeOnLoad (5ms)
				EditorAssembliesLoaded (0ms)
			ExecutionOrderSort2 (0ms)
			AwakeInstancesAfterBackupRestoration (6ms)
Platform modules already initialized, skipping
Refreshing native plugins compatible for Editor in 0.35 ms, found 2 plugins.
Preloading 0 native plugins for Editor in 0.00 ms.
Unloading 1662 Unused Serialized files (Serialized files now loaded: 0)
System memory in use before: 80.7 MB.
System memory in use after: 80.8 MB.

Unloading 13 unused Assets to reduce memory usage. Loaded Objects now: 2165.
Total: 2.581100 ms (FindLiveObjects: 0.157800 ms CreateObjectMapping: 0.053900 ms MarkObjects: 2.353900 ms  DeleteObjects: 0.014300 ms)

AssetImportParameters requested are different than current active one (requested -> active):
  custom:framework-win-MediaFoundation: 216162199b28c13a410421893ffa2e32 -> 
  custom:video-decoder-ogg-theora: a1e56fd34408186e4bbccfd4996cb3dc -> 
  custom:container-muxer-webm: aa71ff27fc2769a1b78a27578f13a17b -> 
  custom:container-demuxer-webm: 4f35f7cbe854078d1ac9338744f61a02 -> 
  custom:container-demuxer-ogg: 62fdf1f143b41e24485cea50d1cbac27 -> 
  custom:video-encoder-webm-vp8: eb34c28f22e8b96e1ab97ce403110664 -> 
  custom:video-decoder-webm-vp8: 9c59270c3fd7afecdb556c50c9e8de78 -> 
  custom:audio-decoder-ogg-vorbis: bf7c407c2cedff20999df2af8eb42d56 -> 
  custom:audio-encoder-webm-vorbis: bf7c407c2cedff20999df2af8eb42d56 -> 
========================================================================
Received Prepare
Registering precompiled user dll's ...
Registered in 0.002766 seconds.
Begin MonoManager ReloadAssembly
Native extension for WindowsStandalone target not found
Native extension for OSXStandalone target not found
Native extension for WebGL target not found
Refreshing native plugins compatible for Editor in 0.36 ms, found 2 plugins.
Preloading 0 native plugins for Editor in 0.00 ms.
Mono: successfully reloaded assembly
- Completed reload, in  0.939 seconds
Domain Reload Profiling:
	ReloadAssembly (939ms)
		BeginReloadAssembly (91ms)
			ExecutionOrderSort (0ms)
			DisableScriptedObjects (4ms)
			BackupInstance (0ms)
			ReleaseScriptingObjects (0ms)
			CreateAndSetChildDomain (27ms)
		EndReloadAssembly (797ms)
			LoadAssemblies (67ms)
			RebuildTransferFunctionScriptingTraits (0ms)
			SetupTypeCache (258ms)
			ReleaseScriptCaches (1ms)
			RebuildScriptCaches (32ms)
			SetupLoadedEditorAssemblies (344ms)
				LogAssemblyErrors (0ms)
				InitializePlatformSupportModulesInManaged (5ms)
				SetLoadedEditorAssemblies (0ms)
				RefreshPlugins (0ms)
				BeforeProcessingInitializeOnLoad (68ms)
				ProcessInitializeOnLoadAttributes (262ms)
				ProcessInitializeOnLoadMethodAttributes (3ms)
				AfterProcessingInitializeOnLoad (5ms)
				EditorAssembliesLoaded (0ms)
			ExecutionOrderSort2 (0ms)
			AwakeInstancesAfterBackupRestoration (5ms)
Platform modules already initialized, skipping
Refreshing native plugins compatible for Editor in 0.33 ms, found 2 plugins.
Preloading 0 native plugins for Editor in 0.00 ms.
Unloading 1662 Unused Serialized files (Serialized files now loaded: 0)
System memory in use before: 80.7 MB.
System memory in use after: 80.8 MB.

Unloading 13 unused Assets to reduce memory usage. Loaded Objects now: 2167.
Total: 2.886200 ms (FindLiveObjects: 0.170600 ms CreateObjectMapping: 0.055000 ms MarkObjects: 2.642200 ms  DeleteObjects: 0.017300 ms)

AssetImportParameters requested are different than current active one (requested -> active):
  custom:framework-win-MediaFoundation: 216162199b28c13a410421893ffa2e32 -> 
  custom:video-decoder-ogg-theora: a1e56fd34408186e4bbccfd4996cb3dc -> 
  custom:container-muxer-webm: aa71ff27fc2769a1b78a27578f13a17b -> 
  custom:container-demuxer-webm: 4f35f7cbe854078d1ac9338744f61a02 -> 
  custom:container-demuxer-ogg: 62fdf1f143b41e24485cea50d1cbac27 -> 
  custom:video-encoder-webm-vp8: eb34c28f22e8b96e1ab97ce403110664 -> 
  custom:video-decoder-webm-vp8: 9c59270c3fd7afecdb556c50c9e8de78 -> 
  custom:audio-decoder-ogg-vorbis: bf7c407c2cedff20999df2af8eb42d56 -> 
  custom:audio-encoder-webm-vorbis: bf7c407c2cedff20999df2af8eb42d56 -> 
========================================================================
Received Prepare
Registering precompiled user dll's ...
Registered in 0.004492 seconds.
Begin MonoManager ReloadAssembly
Native extension for WindowsStandalone target not found
Native extension for OSXStandalone target not found
Native extension for WebGL target not found
Refreshing native plugins compatible for Editor in 0.35 ms, found 2 plugins.
Preloading 0 native plugins for Editor in 0.00 ms.
Mono: successfully reloaded assembly
- Completed reload, in  0.939 seconds
Domain Reload Profiling:
	ReloadAssembly (940ms)
		BeginReloadAssembly (98ms)
			ExecutionOrderSort (0ms)
			DisableScriptedObjects (4ms)
			BackupInstance (0ms)
			ReleaseScriptingObjects (0ms)
			CreateAndSetChildDomain (29ms)
		EndReloadAssembly (785ms)
			LoadAssemblies (75ms)
			RebuildTransferFunctionScriptingTraits (0ms)
			SetupTypeCache (260ms)
			ReleaseScriptCaches (1ms)
			RebuildScriptCaches (33ms)
			SetupLoadedEditorAssemblies (317ms)
				LogAssemblyErrors (0ms)
				InitializePlatformSupportModulesInManaged (5ms)
				SetLoadedEditorAssemblies (0ms)
				RefreshPlugins (0ms)
				BeforeProcessingInitializeOnLoad (58ms)
				ProcessInitializeOnLoadAttributes (245ms)
				ProcessInitializeOnLoadMethodAttributes (3ms)
				AfterProcessingInitializeOnLoad (5ms)
				EditorAssembliesLoaded (0ms)
			ExecutionOrderSort2 (0ms)
			AwakeInstancesAfterBackupRestoration (6ms)
Platform modules already initialized, skipping
Refreshing native plugins compatible for Editor in 0.35 ms, found 2 plugins.
Preloading 0 native plugins for Editor in 0.00 ms.
Unloading 1662 Unused Serialized files (Serialized files now loaded: 0)
System memory in use before: 80.7 MB.
System memory in use after: 80.8 MB.

Unloading 13 unused Assets to reduce memory usage. Loaded Objects now: 2169.
Total: 2.690000 ms (FindLiveObjects: 0.180200 ms CreateObjectMapping: 0.067100 ms MarkObjects: 2.426200 ms  DeleteObjects: 0.015600 ms)

AssetImportParameters requested are different than current active one (requested -> active):
  custom:framework-win-MediaFoundation: 216162199b28c13a410421893ffa2e32 -> 
  custom:video-decoder-ogg-theora: a1e56fd34408186e4bbccfd4996cb3dc -> 
  custom:container-muxer-webm: aa71ff27fc2769a1b78a27578f13a17b -> 
  custom:container-demuxer-webm: 4f35f7cbe854078d1ac9338744f61a02 -> 
  custom:container-demuxer-ogg: 62fdf1f143b41e24485cea50d1cbac27 -> 
  custom:video-encoder-webm-vp8: eb34c28f22e8b96e1ab97ce403110664 -> 
  custom:video-decoder-webm-vp8: 9c59270c3fd7afecdb556c50c9e8de78 -> 
  custom:audio-decoder-ogg-vorbis: bf7c407c2cedff20999df2af8eb42d56 -> 
  custom:audio-encoder-webm-vorbis: bf7c407c2cedff20999df2af8eb42d56 -> 
========================================================================
Received Prepare
Registering precompiled user dll's ...
Registered in 0.003094 seconds.
Begin MonoManager ReloadAssembly
Native extension for WindowsStandalone target not found
Native extension for OSXStandalone target not found
Native extension for WebGL target not found
Refreshing native plugins compatible for Editor in 0.40 ms, found 2 plugins.
Preloading 0 native plugins for Editor in 0.00 ms.
Mono: successfully reloaded assembly
- Completed reload, in  0.864 seconds
Domain Reload Profiling:
	ReloadAssembly (865ms)
		BeginReloadAssembly (99ms)
			ExecutionOrderSort (0ms)
			DisableScriptedObjects (4ms)
			BackupInstance (0ms)
			ReleaseScriptingObjects (0ms)
			CreateAndSetChildDomain (30ms)
		EndReloadAssembly (714ms)
			LoadAssemblies (69ms)
			RebuildTransferFunctionScriptingTraits (0ms)
			SetupTypeCache (223ms)
			ReleaseScriptCaches (1ms)
			RebuildScriptCaches (30ms)
			SetupLoadedEditorAssemblies (307ms)
				LogAssemblyErrors (0ms)
				InitializePlatformSupportModulesInManaged (5ms)
				SetLoadedEditorAssemblies (0ms)
				RefreshPlugins (0ms)
				BeforeProcessingInitializeOnLoad (57ms)
				ProcessInitializeOnLoadAttributes (237ms)
				ProcessInitializeOnLoadMethodAttributes (3ms)
				AfterProcessingInitializeOnLoad (5ms)
				EditorAssembliesLoaded (0ms)
			ExecutionOrderSort2 (0ms)
			AwakeInstancesAfterBackupRestoration (6ms)
Platform modules already initialized, skipping
Refreshing native plugins compatible for Editor in 0.34 ms, found 2 plugins.
Preloading 0 native plugins for Editor in 0.00 ms.
Unloading 1662 Unused Serialized files (Serialized files now loaded: 0)
System memory in use before: 80.7 MB.
System memory in use after: 80.8 MB.

Unloading 13 unused Assets to reduce memory usage. Loaded Objects now: 2171.
Total: 2.550800 ms (FindLiveObjects: 0.153600 ms CreateObjectMapping: 0.048300 ms MarkObjects: 2.335800 ms  DeleteObjects: 0.012500 ms)

AssetImportParameters requested are different than current active one (requested -> active):
  custom:framework-win-MediaFoundation: 216162199b28c13a410421893ffa2e32 -> 
  custom:video-decoder-ogg-theora: a1e56fd34408186e4bbccfd4996cb3dc -> 
  custom:container-muxer-webm: aa71ff27fc2769a1b78a27578f13a17b -> 
  custom:container-demuxer-webm: 4f35f7cbe854078d1ac9338744f61a02 -> 
  custom:container-demuxer-ogg: 62fdf1f143b41e24485cea50d1cbac27 -> 
  custom:video-encoder-webm-vp8: eb34c28f22e8b96e1ab97ce403110664 -> 
  custom:video-decoder-webm-vp8: 9c59270c3fd7afecdb556c50c9e8de78 -> 
  custom:audio-decoder-ogg-vorbis: bf7c407c2cedff20999df2af8eb42d56 -> 
  custom:audio-encoder-webm-vorbis: bf7c407c2cedff20999df2af8eb42d56 -> 
AssetImportWorkerClient::OnTransportError - code=2 error=End of file
