Using pre-set license
Built from '2020.3/staging' branch; Version is '2020.3.17f1 (a4537701e4ab) revision 10769271'; Using compiler version '192528614'; Build Type 'Release'
OS: 'Windows 10 Education; OS build 19042.1165; Version 2009; 64bit' Language: 'en' Physical Memory: 16247 MB
BatchMode: 1, IsHumanControllingUs: 0, StartBugReporterOnCrash: 0, Is64bit: 1, IsPro: 0

COMMAND LINE ARGUMENTS:
C:\Program Files\Unity\Hub\Editor\2020.3.17f1\Editor\Unity.exe
-adb2
-batchMode
-noUpm
-name
AssetImportWorker0
-projectPath
C:/Users/littl/Documents/Unity Projects/Skate-Punk
-logFile
Logs/AssetImportWorker0.log
-srvPort
63393
Successfully changed project path to: C:/Users/littl/Documents/Unity Projects/Skate-Punk
C:/Users/littl/Documents/Unity Projects/Skate-Punk
Using Asset Import Pipeline V2.
Refreshing native plugins compatible for Editor in 30.57 ms, found 2 plugins.
Preloading 0 native plugins for Editor in 0.00 ms.
Initialize engine version: 2020.3.17f1 (a4537701e4ab)
[Subsystems] Discovering subsystems at path C:/Program Files/Unity/Hub/Editor/2020.3.17f1/Editor/Data/Resources/UnitySubsystems
[Subsystems] Discovering subsystems at path C:/Users/littl/Documents/Unity Projects/Skate-Punk/Assets
GfxDevice: creating device client; threaded=0
Direct3D:
    Version:  Direct3D 11.0 [level 11.1]
    Renderer: Intel(R) UHD Graphics 630 (ID=0x3e98)
    Vendor:   
    VRAM:     8123 MB
    Driver:   27.20.100.8681
Initialize mono
Mono path[0] = 'C:/Program Files/Unity/Hub/Editor/2020.3.17f1/Editor/Data/Managed'
Mono path[1] = 'C:/Program Files/Unity/Hub/Editor/2020.3.17f1/Editor/Data/MonoBleedingEdge/lib/mono/unityjit'
Mono config path = 'C:/Program Files/Unity/Hub/Editor/2020.3.17f1/Editor/Data/MonoBleedingEdge/etc'
Using monoOptions --debugger-agent=transport=dt_socket,embedding=1,server=y,suspend=n,address=127.0.0.1:56476
Begin MonoManager ReloadAssembly
Registering precompiled unity dll's ...
Register platform support module: C:/Program Files/Unity/Hub/Editor/2020.3.17f1/Editor/Data/PlaybackEngines/WebGLSupport/UnityEditor.WebGL.Extensions.dll
Register platform support module: C:/Program Files/Unity/Hub/Editor/2020.3.17f1/Editor/Data/PlaybackEngines/MacStandaloneSupport/UnityEditor.OSXStandalone.Extensions.dll
Register platform support module: C:/Program Files/Unity/Hub/Editor/2020.3.17f1/Editor/Data/PlaybackEngines/WindowsStandaloneSupport/UnityEditor.WindowsStandalone.Extensions.dll
Registered in 0.002208 seconds.
Native extension for WindowsStandalone target not found
Native extension for OSXStandalone target not found
Native extension for WebGL target not found
Refreshing native plugins compatible for Editor in 30.00 ms, found 2 plugins.
Preloading 0 native plugins for Editor in 0.00 ms.
Mono: successfully reloaded assembly
- Completed reload, in  0.970 seconds
Domain Reload Profiling:
	ReloadAssembly (970ms)
		BeginReloadAssembly (49ms)
			ExecutionOrderSort (0ms)
			DisableScriptedObjects (0ms)
			BackupInstance (0ms)
			ReleaseScriptingObjects (0ms)
			CreateAndSetChildDomain (1ms)
		EndReloadAssembly (376ms)
			LoadAssemblies (47ms)
			RebuildTransferFunctionScriptingTraits (0ms)
			SetupTypeCache (139ms)
			ReleaseScriptCaches (0ms)
			RebuildScriptCaches (30ms)
			SetupLoadedEditorAssemblies (142ms)
				LogAssemblyErrors (0ms)
				InitializePlatformSupportModulesInManaged (5ms)
				SetLoadedEditorAssemblies (0ms)
				RefreshPlugins (30ms)
				BeforeProcessingInitializeOnLoad (14ms)
				ProcessInitializeOnLoadAttributes (68ms)
				ProcessInitializeOnLoadMethodAttributes (25ms)
				AfterProcessingInitializeOnLoad (0ms)
				EditorAssembliesLoaded (0ms)
			ExecutionOrderSort2 (0ms)
			AwakeInstancesAfterBackupRestoration (0ms)
Platform modules already initialized, skipping
Registering precompiled user dll's ...
Registered in 0.002868 seconds.
Begin MonoManager ReloadAssembly
Native extension for WindowsStandalone target not found
Native extension for OSXStandalone target not found
Native extension for WebGL target not found
Refreshing native plugins compatible for Editor in 30.59 ms, found 2 plugins.
Preloading 0 native plugins for Editor in 0.00 ms.
Mono: successfully reloaded assembly
- Completed reload, in  1.119 seconds
Domain Reload Profiling:
	ReloadAssembly (1120ms)
		BeginReloadAssembly (133ms)
			ExecutionOrderSort (0ms)
			DisableScriptedObjects (4ms)
			BackupInstance (0ms)
			ReleaseScriptingObjects (0ms)
			CreateAndSetChildDomain (19ms)
		EndReloadAssembly (934ms)
			LoadAssemblies (82ms)
			RebuildTransferFunctionScriptingTraits (0ms)
			SetupTypeCache (294ms)
			ReleaseScriptCaches (0ms)
			RebuildScriptCaches (41ms)
			SetupLoadedEditorAssemblies (402ms)
				LogAssemblyErrors (0ms)
				InitializePlatformSupportModulesInManaged (5ms)
				SetLoadedEditorAssemblies (0ms)
				RefreshPlugins (31ms)
				BeforeProcessingInitializeOnLoad (62ms)
				ProcessInitializeOnLoadAttributes (296ms)
				ProcessInitializeOnLoadMethodAttributes (3ms)
				AfterProcessingInitializeOnLoad (5ms)
				EditorAssembliesLoaded (0ms)
			ExecutionOrderSort2 (0ms)
			AwakeInstancesAfterBackupRestoration (8ms)
Platform modules already initialized, skipping
========================================================================
Worker process is ready to serve import requests
Launched and connected shader compiler UnityShaderCompiler.exe after 0.07 seconds
Refreshing native plugins compatible for Editor in 0.35 ms, found 2 plugins.
Preloading 0 native plugins for Editor in 0.00 ms.
Unloading 1665 Unused Serialized files (Serialized files now loaded: 0)
System memory in use before: 76.5 MB.
System memory in use after: 76.6 MB.

Unloading 19 unused Assets to reduce memory usage. Loaded Objects now: 2104.
Total: 8.143200 ms (FindLiveObjects: 0.253700 ms CreateObjectMapping: 0.081600 ms MarkObjects: 7.736900 ms  DeleteObjects: 0.069100 ms)

AssetImportParameters requested are different than current active one (requested -> active):
  custom:framework-win-MediaFoundation: 216162199b28c13a410421893ffa2e32 -> 
  custom:video-decoder-ogg-theora: a1e56fd34408186e4bbccfd4996cb3dc -> 
  custom:container-muxer-webm: aa71ff27fc2769a1b78a27578f13a17b -> 
  custom:container-demuxer-webm: 4f35f7cbe854078d1ac9338744f61a02 -> 
  custom:container-demuxer-ogg: 62fdf1f143b41e24485cea50d1cbac27 -> 
  custom:video-encoder-webm-vp8: eb34c28f22e8b96e1ab97ce403110664 -> 
  custom:video-decoder-webm-vp8: 9c59270c3fd7afecdb556c50c9e8de78 -> 
  custom:audio-decoder-ogg-vorbis: bf7c407c2cedff20999df2af8eb42d56 -> 
  custom:audio-encoder-webm-vorbis: bf7c407c2cedff20999df2af8eb42d56 -> 
========================================================================
Received Import Request.
  path: Assets/Sprites/skater/jump/jump0008.png
  artifactKey: Guid(661a23c735cdf9747adfe5545d9519c2) Importer(815301076,1909f56bfc062723c751e8b465ee728b)
Start importing Assets/Sprites/skater/jump/jump0008.png using Guid(661a23c735cdf9747adfe5545d9519c2) Importer(815301076,1909f56bfc062723c751e8b465ee728b)  -> (artifact id: 'cccda8eee988d6110729ae4aa063fe9f') in 0.077618 seconds 
  Import took 0.080993 seconds .

========================================================================
Received Import Request.
  Time since last request: 0.000264 seconds.
  path: Assets/Sprites/skater/jump/jump0011.png
  artifactKey: Guid(4cde97fa6237c4641b66ad5c0489ab20) Importer(815301076,1909f56bfc062723c751e8b465ee728b)
Start importing Assets/Sprites/skater/jump/jump0011.png using Guid(4cde97fa6237c4641b66ad5c0489ab20) Importer(815301076,1909f56bfc062723c751e8b465ee728b)  -> (artifact id: 'd9b33201ef304ec16384bfe9b9497f4f') in 0.018104 seconds 
  Import took 0.021620 seconds .

========================================================================
Received Import Request.
  Time since last request: 0.000072 seconds.
  path: Assets/Sprites/skater/jump/jump0009.png
  artifactKey: Guid(5b6196dc522fbd54e81003b3b322f772) Importer(815301076,1909f56bfc062723c751e8b465ee728b)
Start importing Assets/Sprites/skater/jump/jump0009.png using Guid(5b6196dc522fbd54e81003b3b322f772) Importer(815301076,1909f56bfc062723c751e8b465ee728b)  -> (artifact id: '38135fbfc0347c0c7240d6c2816f081c') in 0.030297 seconds 
  Import took 0.033557 seconds .

========================================================================
Received Import Request.
  Time since last request: 0.000264 seconds.
  path: Assets/Sprites/skater/jump/jump0005.png
  artifactKey: Guid(7aa936c10aa3d5e4e908e144923f2a0c) Importer(815301076,1909f56bfc062723c751e8b465ee728b)
Start importing Assets/Sprites/skater/jump/jump0005.png using Guid(7aa936c10aa3d5e4e908e144923f2a0c) Importer(815301076,1909f56bfc062723c751e8b465ee728b)  -> (artifact id: 'ec3b820b9191579574e1859c7aa2afaf') in 0.020712 seconds 
  Import took 0.026492 seconds .

========================================================================
Received Import Request.
  Time since last request: 0.000698 seconds.
  path: Assets/Sprites/skater/jump/jump0002.png
  artifactKey: Guid(3b052833f6c447643b5fc113819e1590) Importer(815301076,1909f56bfc062723c751e8b465ee728b)
Start importing Assets/Sprites/skater/jump/jump0002.png using Guid(3b052833f6c447643b5fc113819e1590) Importer(815301076,1909f56bfc062723c751e8b465ee728b)  -> (artifact id: '6332646f4b630ff0c41d98463d929d51') in 0.023196 seconds 
  Import took 0.030757 seconds .

========================================================================
Received Import Request.
  Time since last request: 0.000766 seconds.
  path: Assets/Sprites/skater/jump/jump0004.png
  artifactKey: Guid(fee30294506f38a4abc68f5bd920bd03) Importer(815301076,1909f56bfc062723c751e8b465ee728b)
Start importing Assets/Sprites/skater/jump/jump0004.png using Guid(fee30294506f38a4abc68f5bd920bd03) Importer(815301076,1909f56bfc062723c751e8b465ee728b)  -> (artifact id: 'c30aa125671d8f78c358104620d54f92') in 0.018669 seconds 
  Import took 0.026355 seconds .

========================================================================
Received Import Request.
  Time since last request: 0.000513 seconds.
  path: Assets/Sprites/skater/jump/jump0006.png
  artifactKey: Guid(250fe776ab9459d45a089e90ddd729dd) Importer(815301076,1909f56bfc062723c751e8b465ee728b)
Start importing Assets/Sprites/skater/jump/jump0006.png using Guid(250fe776ab9459d45a089e90ddd729dd) Importer(815301076,1909f56bfc062723c751e8b465ee728b)  -> (artifact id: '4fd813aa0de21f919b77035c6d90b73f') in 0.029640 seconds 
  Import took 0.034822 seconds .

========================================================================
Received Import Request.
  Time since last request: 0.000288 seconds.
  path: Assets/Sprites/skater/jump/jump0010.png
  artifactKey: Guid(2f6045ee68ee072439bb019ba9c4717d) Importer(815301076,1909f56bfc062723c751e8b465ee728b)
Start importing Assets/Sprites/skater/jump/jump0010.png using Guid(2f6045ee68ee072439bb019ba9c4717d) Importer(815301076,1909f56bfc062723c751e8b465ee728b)  -> (artifact id: 'b1de326d7873abb74652e280b71a8010') in 0.025668 seconds 
  Import took 0.034872 seconds .

========================================================================
Received Import Request.
  Time since last request: 0.000633 seconds.
  path: Assets/Sprites/skater/jump/jump0013.png
  artifactKey: Guid(2e1aabe9b28b8804fbd24ee6e8925fd3) Importer(815301076,1909f56bfc062723c751e8b465ee728b)
Start importing Assets/Sprites/skater/jump/jump0013.png using Guid(2e1aabe9b28b8804fbd24ee6e8925fd3) Importer(815301076,1909f56bfc062723c751e8b465ee728b)  -> (artifact id: '1bedabc78a6750b0d9a051bef85cfc18') in 0.025716 seconds 
  Import took 0.034692 seconds .

========================================================================
Received Import Request.
  Time since last request: 0.000412 seconds.
  path: Assets/Sprites/skater/jump/jump0015.png
  artifactKey: Guid(d2a98e782c221a34c9173e48d7118e31) Importer(815301076,1909f56bfc062723c751e8b465ee728b)
Start importing Assets/Sprites/skater/jump/jump0015.png using Guid(d2a98e782c221a34c9173e48d7118e31) Importer(815301076,1909f56bfc062723c751e8b465ee728b)  -> (artifact id: '6ff2f347d36ad17b0f59216e3e08fbf7') in 0.025019 seconds 
  Import took 0.034375 seconds .

========================================================================
Received Import Request.
  Time since last request: 0.000858 seconds.
  path: Assets/Sprites/skater/jump/jump0013.png
  artifactKey: Guid(2e1aabe9b28b8804fbd24ee6e8925fd3) Importer(815301076,1909f56bfc062723c751e8b465ee728b)
Start importing Assets/Sprites/skater/jump/jump0013.png using Guid(2e1aabe9b28b8804fbd24ee6e8925fd3) Importer(815301076,1909f56bfc062723c751e8b465ee728b)  -> (artifact id: '1bedabc78a6750b0d9a051bef85cfc18') in 0.010575 seconds 
  Import took 0.016757 seconds .

========================================================================
Received Import Request.
  Time since last request: 0.000679 seconds.
  path: Assets/Sprites/skater/jump/jump0007.png
  artifactKey: Guid(941466fd27779a14baa16aa041a09710) Importer(815301076,1909f56bfc062723c751e8b465ee728b)
Start importing Assets/Sprites/skater/jump/jump0007.png using Guid(941466fd27779a14baa16aa041a09710) Importer(815301076,1909f56bfc062723c751e8b465ee728b)  -> (artifact id: '850844ceef0547938db2f5b4c4d20c69') in 0.022383 seconds 
  Import took 0.033834 seconds .

========================================================================
Received Import Request.
  Time since last request: 0.000744 seconds.
  path: Assets/Sprites/skater/jump/jump0014.png
  artifactKey: Guid(5362878586f29624981cbcfb189e6e26) Importer(815301076,1909f56bfc062723c751e8b465ee728b)
Start importing Assets/Sprites/skater/jump/jump0014.png using Guid(5362878586f29624981cbcfb189e6e26) Importer(815301076,1909f56bfc062723c751e8b465ee728b)  -> (artifact id: '76bb5b4ed4546ad675842789594714a2') in 0.019339 seconds 
  Import took 0.027398 seconds .

========================================================================
Received Import Request.
  Time since last request: 0.000433 seconds.
  path: Assets/Sprites/skater/jump/jump0012.png
  artifactKey: Guid(981cfab85980a304782b81c39c5c2660) Importer(815301076,1909f56bfc062723c751e8b465ee728b)
Start importing Assets/Sprites/skater/jump/jump0012.png using Guid(981cfab85980a304782b81c39c5c2660) Importer(815301076,1909f56bfc062723c751e8b465ee728b)  -> (artifact id: '32c7b6facbf2f1ce9c30d77863e7388b') in 0.022333 seconds 
  Import took 0.028964 seconds .

========================================================================
Received Import Request.
  Time since last request: 0.000266 seconds.
  path: Assets/Sprites/skater/jump/jump0003.png
  artifactKey: Guid(3ade19bee86534e46ad574253e6a4f32) Importer(815301076,1909f56bfc062723c751e8b465ee728b)
Start importing Assets/Sprites/skater/jump/jump0003.png using Guid(3ade19bee86534e46ad574253e6a4f32) Importer(815301076,1909f56bfc062723c751e8b465ee728b)  -> (artifact id: '138f91036c739861002312ba448f3e4f') in 0.031352 seconds 
  Import took 0.039228 seconds .

========================================================================
Received Import Request.
  Time since last request: 0.000839 seconds.
  path: Assets/Sprites/skater/jump/jump0001.png
  artifactKey: Guid(989429c5214c42647b4b4ea1c90a82a7) Importer(815301076,1909f56bfc062723c751e8b465ee728b)
Start importing Assets/Sprites/skater/jump/jump0001.png using Guid(989429c5214c42647b4b4ea1c90a82a7) Importer(815301076,1909f56bfc062723c751e8b465ee728b)  -> (artifact id: '61dd9076ec8d3bec5c663921960ac076') in 0.019128 seconds 
  Import took 0.022475 seconds .

========================================================================
Received Import Request.
  Time since last request: 7.153297 seconds.
  path: Assets/Sprites/skater/jump/jump0001.png
  artifactKey: Guid(989429c5214c42647b4b4ea1c90a82a7) Importer(815301076,1909f56bfc062723c751e8b465ee728b)
Start importing Assets/Sprites/skater/jump/jump0001.png using Guid(989429c5214c42647b4b4ea1c90a82a7) Importer(815301076,1909f56bfc062723c751e8b465ee728b)  -> (artifact id: 'a524bb064c51c818bb3481c58a115652') in 0.115797 seconds 
  Import took 0.120596 seconds .

========================================================================
Received Import Request.
  Time since last request: 0.000560 seconds.
  path: Assets/Sprites/skater/jump/jump0008.png
  artifactKey: Guid(661a23c735cdf9747adfe5545d9519c2) Importer(815301076,1909f56bfc062723c751e8b465ee728b)
Start importing Assets/Sprites/skater/jump/jump0008.png using Guid(661a23c735cdf9747adfe5545d9519c2) Importer(815301076,1909f56bfc062723c751e8b465ee728b)  -> (artifact id: 'cc85301011cdfd16705767ab9ed0540f') in 0.239158 seconds 
  Import took 0.246872 seconds .

========================================================================
Received Import Request.
  Time since last request: 0.000277 seconds.
  path: Assets/Sprites/skater/jump/jump0011.png
  artifactKey: Guid(4cde97fa6237c4641b66ad5c0489ab20) Importer(815301076,1909f56bfc062723c751e8b465ee728b)
Start importing Assets/Sprites/skater/jump/jump0011.png using Guid(4cde97fa6237c4641b66ad5c0489ab20) Importer(815301076,1909f56bfc062723c751e8b465ee728b)  -> (artifact id: '30c54efb6d60ea665d75164760f99797') in 0.026478 seconds 
  Import took 0.030194 seconds .

========================================================================
Received Import Request.
  Time since last request: 0.000187 seconds.
  path: Assets/Sprites/skater/jump/jump0005.png
  artifactKey: Guid(7aa936c10aa3d5e4e908e144923f2a0c) Importer(815301076,1909f56bfc062723c751e8b465ee728b)
Start importing Assets/Sprites/skater/jump/jump0005.png using Guid(7aa936c10aa3d5e4e908e144923f2a0c) Importer(815301076,1909f56bfc062723c751e8b465ee728b)  -> (artifact id: '429ab5e9d7a1d264e08868ccaa8f6b61') in 0.031652 seconds 
  Import took 0.035941 seconds .

========================================================================
Received Import Request.
  Time since last request: 0.000133 seconds.
  path: Assets/Sprites/skater/jump/jump0002.png
  artifactKey: Guid(3b052833f6c447643b5fc113819e1590) Importer(815301076,1909f56bfc062723c751e8b465ee728b)
Start importing Assets/Sprites/skater/jump/jump0002.png using Guid(3b052833f6c447643b5fc113819e1590) Importer(815301076,1909f56bfc062723c751e8b465ee728b)  -> (artifact id: '45af31433e439b9846a8f786ac3edf27') in 0.050918 seconds 
  Import took 0.053569 seconds .

========================================================================
Received Import Request.
  Time since last request: 0.000165 seconds.
  path: Assets/Sprites/skater/jump/jump0004.png
  artifactKey: Guid(fee30294506f38a4abc68f5bd920bd03) Importer(815301076,1909f56bfc062723c751e8b465ee728b)
Start importing Assets/Sprites/skater/jump/jump0004.png using Guid(fee30294506f38a4abc68f5bd920bd03) Importer(815301076,1909f56bfc062723c751e8b465ee728b)  -> (artifact id: '211026d48c4bd962f83b48dd13d2cf4c') in 0.035454 seconds 
  Import took 0.040598 seconds .

========================================================================
Received Import Request.
  Time since last request: 0.000151 seconds.
  path: Assets/Sprites/skater/jump/jump0006.png
  artifactKey: Guid(250fe776ab9459d45a089e90ddd729dd) Importer(815301076,1909f56bfc062723c751e8b465ee728b)
Start importing Assets/Sprites/skater/jump/jump0006.png using Guid(250fe776ab9459d45a089e90ddd729dd) Importer(815301076,1909f56bfc062723c751e8b465ee728b)  -> (artifact id: '94875a091ab27a64df5270031677f525') in 0.016067 seconds 
  Import took 0.023175 seconds .

========================================================================
Received Import Request.
  Time since last request: 0.001149 seconds.
  path: Assets/Sprites/skater/jump/jump0010.png
  artifactKey: Guid(2f6045ee68ee072439bb019ba9c4717d) Importer(815301076,1909f56bfc062723c751e8b465ee728b)
Start importing Assets/Sprites/skater/jump/jump0010.png using Guid(2f6045ee68ee072439bb019ba9c4717d) Importer(815301076,1909f56bfc062723c751e8b465ee728b)  -> (artifact id: '39a510e163d62d13c09f08dad991b69c') in 0.028695 seconds 
  Import took 0.035039 seconds .

========================================================================
Received Import Request.
  Time since last request: 0.000180 seconds.
  path: Assets/Sprites/skater/jump/jump0013.png
  artifactKey: Guid(2e1aabe9b28b8804fbd24ee6e8925fd3) Importer(815301076,1909f56bfc062723c751e8b465ee728b)
Start importing Assets/Sprites/skater/jump/jump0013.png using Guid(2e1aabe9b28b8804fbd24ee6e8925fd3) Importer(815301076,1909f56bfc062723c751e8b465ee728b)  -> (artifact id: 'f57d050c54ba19c0362ff2cfde25e18d') in 0.036683 seconds 
  Import took 0.044267 seconds .

========================================================================
Received Import Request.
  Time since last request: 0.000208 seconds.
  path: Assets/Sprites/skater/jump/jump0015.png
  artifactKey: Guid(d2a98e782c221a34c9173e48d7118e31) Importer(815301076,1909f56bfc062723c751e8b465ee728b)
Start importing Assets/Sprites/skater/jump/jump0015.png using Guid(d2a98e782c221a34c9173e48d7118e31) Importer(815301076,1909f56bfc062723c751e8b465ee728b)  -> (artifact id: '9b477035eb3a8ee1871ad5f5321b4fbd') in 0.045668 seconds 
  Import took 0.052092 seconds .

========================================================================
Received Import Request.
  Time since last request: 0.000202 seconds.
  path: Assets/Sprites/skater/jump/jump0007.png
  artifactKey: Guid(941466fd27779a14baa16aa041a09710) Importer(815301076,1909f56bfc062723c751e8b465ee728b)
Start importing Assets/Sprites/skater/jump/jump0007.png using Guid(941466fd27779a14baa16aa041a09710) Importer(815301076,1909f56bfc062723c751e8b465ee728b)  -> (artifact id: 'bfc345e22c55df8c07101bc27ba382d6') in 0.025293 seconds 
  Import took 0.031955 seconds .

========================================================================
Received Import Request.
  Time since last request: 0.000326 seconds.
  path: Assets/Sprites/skater/jump/jump0014.png
  artifactKey: Guid(5362878586f29624981cbcfb189e6e26) Importer(815301076,1909f56bfc062723c751e8b465ee728b)
Start importing Assets/Sprites/skater/jump/jump0014.png using Guid(5362878586f29624981cbcfb189e6e26) Importer(815301076,1909f56bfc062723c751e8b465ee728b)  -> (artifact id: '369b81e7c6d935144bee8d8fba9f5e11') in 0.028015 seconds 
  Import took 0.034308 seconds .

========================================================================
Received Import Request.
  Time since last request: 0.000142 seconds.
  path: Assets/Sprites/skater/jump/jump0012.png
  artifactKey: Guid(981cfab85980a304782b81c39c5c2660) Importer(815301076,1909f56bfc062723c751e8b465ee728b)
Start importing Assets/Sprites/skater/jump/jump0012.png using Guid(981cfab85980a304782b81c39c5c2660) Importer(815301076,1909f56bfc062723c751e8b465ee728b)  -> (artifact id: '08f71ad223ddf5a47411330de16b8db0') in 0.033312 seconds 
  Import took 0.037980 seconds .

========================================================================
Received Import Request.
  Time since last request: 0.000479 seconds.
  path: Assets/Sprites/skater/jump/jump0003.png
  artifactKey: Guid(3ade19bee86534e46ad574253e6a4f32) Importer(815301076,1909f56bfc062723c751e8b465ee728b)
Start importing Assets/Sprites/skater/jump/jump0003.png using Guid(3ade19bee86534e46ad574253e6a4f32) Importer(815301076,1909f56bfc062723c751e8b465ee728b)  -> (artifact id: '26ff9c5161fb9b7c464e238dadeee96f') in 0.016881 seconds 
  Import took 0.026077 seconds .

========================================================================
Received Import Request.
  Time since last request: 0.000747 seconds.
  path: Assets/Sprites/skater/jump/jump0009.png
  artifactKey: Guid(5b6196dc522fbd54e81003b3b322f772) Importer(815301076,1909f56bfc062723c751e8b465ee728b)
Start importing Assets/Sprites/skater/jump/jump0009.png using Guid(5b6196dc522fbd54e81003b3b322f772) Importer(815301076,1909f56bfc062723c751e8b465ee728b)  -> (artifact id: 'cd5f437347d476f8af2bfd88565877d4') in 0.020376 seconds 
  Import took 0.032899 seconds .

========================================================================
Received Import Request.
  Time since last request: 180.670109 seconds.
  path: Assets/Animations/player/jump.anim
  artifactKey: Guid(4bcbc4e803067d941866e3078cff13ed) Importer(815301076,1909f56bfc062723c751e8b465ee728b)
Start importing Assets/Animations/player/jump.anim using Guid(4bcbc4e803067d941866e3078cff13ed) Importer(815301076,1909f56bfc062723c751e8b465ee728b)  -> (artifact id: '83a1827fd5a6ff11c0980eeab84d0ef2') in 0.012541 seconds 
  Import took 0.016360 seconds .

========================================================================
Received Import Request.
  Time since last request: 1.565930 seconds.
  path: Assets/Animations/player/land.anim
  artifactKey: Guid(d354e122568d75d43a82f69f637af4e6) Importer(815301076,1909f56bfc062723c751e8b465ee728b)
Start importing Assets/Animations/player/land.anim using Guid(d354e122568d75d43a82f69f637af4e6) Importer(815301076,1909f56bfc062723c751e8b465ee728b)  -> (artifact id: 'ad7ad1b409eda2439ad4ddc0b588aa30') in 0.010822 seconds 
  Import took 0.015619 seconds .

========================================================================
Received Import Request.
  Time since last request: 0.002607 seconds.
  path: Assets/Animations/player/land.anim
  artifactKey: Guid(d354e122568d75d43a82f69f637af4e6) Importer(815301076,1909f56bfc062723c751e8b465ee728b)
Start importing Assets/Animations/player/land.anim using Guid(d354e122568d75d43a82f69f637af4e6) Importer(815301076,1909f56bfc062723c751e8b465ee728b)  -> (artifact id: 'ad7ad1b409eda2439ad4ddc0b588aa30') in 0.007516 seconds 
  Import took 0.012344 seconds .

========================================================================
Received Prepare
Registering precompiled user dll's ...
Registered in 0.002831 seconds.
Begin MonoManager ReloadAssembly
Native extension for WindowsStandalone target not found
Native extension for OSXStandalone target not found
Native extension for WebGL target not found
Refreshing native plugins compatible for Editor in 0.34 ms, found 2 plugins.
Preloading 0 native plugins for Editor in 0.00 ms.
Mono: successfully reloaded assembly
- Completed reload, in  1.017 seconds
Domain Reload Profiling:
	ReloadAssembly (1017ms)
		BeginReloadAssembly (117ms)
			ExecutionOrderSort (0ms)
			DisableScriptedObjects (4ms)
			BackupInstance (0ms)
			ReleaseScriptingObjects (0ms)
			CreateAndSetChildDomain (33ms)
		EndReloadAssembly (832ms)
			LoadAssemblies (80ms)
			RebuildTransferFunctionScriptingTraits (0ms)
			SetupTypeCache (289ms)
			ReleaseScriptCaches (1ms)
			RebuildScriptCaches (34ms)
			SetupLoadedEditorAssemblies (331ms)
				LogAssemblyErrors (0ms)
				InitializePlatformSupportModulesInManaged (5ms)
				SetLoadedEditorAssemblies (0ms)
				RefreshPlugins (0ms)
				BeforeProcessingInitializeOnLoad (60ms)
				ProcessInitializeOnLoadAttributes (257ms)
				ProcessInitializeOnLoadMethodAttributes (3ms)
				AfterProcessingInitializeOnLoad (6ms)
				EditorAssembliesLoaded (0ms)
			ExecutionOrderSort2 (0ms)
			AwakeInstancesAfterBackupRestoration (6ms)
Platform modules already initialized, skipping
Refreshing native plugins compatible for Editor in 0.33 ms, found 2 plugins.
Preloading 0 native plugins for Editor in 0.00 ms.
Unloading 1659 Unused Serialized files (Serialized files now loaded: 0)
System memory in use before: 79.6 MB.
System memory in use after: 79.7 MB.

Unloading 13 unused Assets to reduce memory usage. Loaded Objects now: 2113.
Total: 2.642300 ms (FindLiveObjects: 0.169000 ms CreateObjectMapping: 0.042300 ms MarkObjects: 2.415600 ms  DeleteObjects: 0.014700 ms)

AssetImportParameters requested are different than current active one (requested -> active):
  custom:framework-win-MediaFoundation: 216162199b28c13a410421893ffa2e32 -> 
  custom:video-decoder-ogg-theora: a1e56fd34408186e4bbccfd4996cb3dc -> 
  custom:container-muxer-webm: aa71ff27fc2769a1b78a27578f13a17b -> 
  custom:container-demuxer-webm: 4f35f7cbe854078d1ac9338744f61a02 -> 
  custom:container-demuxer-ogg: 62fdf1f143b41e24485cea50d1cbac27 -> 
  custom:video-encoder-webm-vp8: eb34c28f22e8b96e1ab97ce403110664 -> 
  custom:video-decoder-webm-vp8: 9c59270c3fd7afecdb556c50c9e8de78 -> 
  custom:audio-decoder-ogg-vorbis: bf7c407c2cedff20999df2af8eb42d56 -> 
  custom:audio-encoder-webm-vorbis: bf7c407c2cedff20999df2af8eb42d56 -> 
========================================================================
Received Prepare
Registering precompiled user dll's ...
Registered in 0.002826 seconds.
Begin MonoManager ReloadAssembly
Native extension for WindowsStandalone target not found
Native extension for OSXStandalone target not found
Native extension for WebGL target not found
Refreshing native plugins compatible for Editor in 0.35 ms, found 2 plugins.
Preloading 0 native plugins for Editor in 0.00 ms.
Mono: successfully reloaded assembly
- Completed reload, in  1.038 seconds
Domain Reload Profiling:
	ReloadAssembly (1038ms)
		BeginReloadAssembly (113ms)
			ExecutionOrderSort (0ms)
			DisableScriptedObjects (5ms)
			BackupInstance (0ms)
			ReleaseScriptingObjects (0ms)
			CreateAndSetChildDomain (28ms)
		EndReloadAssembly (858ms)
			LoadAssemblies (82ms)
			RebuildTransferFunctionScriptingTraits (0ms)
			SetupTypeCache (293ms)
			ReleaseScriptCaches (1ms)
			RebuildScriptCaches (34ms)
			SetupLoadedEditorAssemblies (345ms)
				LogAssemblyErrors (0ms)
				InitializePlatformSupportModulesInManaged (5ms)
				SetLoadedEditorAssemblies (0ms)
				RefreshPlugins (0ms)
				BeforeProcessingInitializeOnLoad (69ms)
				ProcessInitializeOnLoadAttributes (263ms)
				ProcessInitializeOnLoadMethodAttributes (3ms)
				AfterProcessingInitializeOnLoad (5ms)
				EditorAssembliesLoaded (0ms)
			ExecutionOrderSort2 (0ms)
			AwakeInstancesAfterBackupRestoration (6ms)
Platform modules already initialized, skipping
Refreshing native plugins compatible for Editor in 0.38 ms, found 2 plugins.
Preloading 0 native plugins for Editor in 0.00 ms.
Unloading 1659 Unused Serialized files (Serialized files now loaded: 0)
System memory in use before: 79.6 MB.
System memory in use after: 79.7 MB.

Unloading 13 unused Assets to reduce memory usage. Loaded Objects now: 2115.
Total: 3.883800 ms (FindLiveObjects: 0.445900 ms CreateObjectMapping: 0.082900 ms MarkObjects: 3.318600 ms  DeleteObjects: 0.033800 ms)

AssetImportParameters requested are different than current active one (requested -> active):
  custom:framework-win-MediaFoundation: 216162199b28c13a410421893ffa2e32 -> 
  custom:video-decoder-ogg-theora: a1e56fd34408186e4bbccfd4996cb3dc -> 
  custom:container-muxer-webm: aa71ff27fc2769a1b78a27578f13a17b -> 
  custom:container-demuxer-webm: 4f35f7cbe854078d1ac9338744f61a02 -> 
  custom:container-demuxer-ogg: 62fdf1f143b41e24485cea50d1cbac27 -> 
  custom:video-encoder-webm-vp8: eb34c28f22e8b96e1ab97ce403110664 -> 
  custom:video-decoder-webm-vp8: 9c59270c3fd7afecdb556c50c9e8de78 -> 
  custom:audio-decoder-ogg-vorbis: bf7c407c2cedff20999df2af8eb42d56 -> 
  custom:audio-encoder-webm-vorbis: bf7c407c2cedff20999df2af8eb42d56 -> 
========================================================================
Received Prepare
Registering precompiled user dll's ...
Registered in 0.002953 seconds.
Begin MonoManager ReloadAssembly
Native extension for WindowsStandalone target not found
Native extension for OSXStandalone target not found
Native extension for WebGL target not found
Refreshing native plugins compatible for Editor in 0.39 ms, found 2 plugins.
Preloading 0 native plugins for Editor in 0.00 ms.
Mono: successfully reloaded assembly
- Completed reload, in  0.964 seconds
Domain Reload Profiling:
	ReloadAssembly (965ms)
		BeginReloadAssembly (104ms)
			ExecutionOrderSort (0ms)
			DisableScriptedObjects (4ms)
			BackupInstance (0ms)
			ReleaseScriptingObjects (0ms)
			CreateAndSetChildDomain (32ms)
		EndReloadAssembly (798ms)
			LoadAssemblies (75ms)
			RebuildTransferFunctionScriptingTraits (0ms)
			SetupTypeCache (252ms)
			ReleaseScriptCaches (1ms)
			RebuildScriptCaches (31ms)
			SetupLoadedEditorAssemblies (346ms)
				LogAssemblyErrors (0ms)
				InitializePlatformSupportModulesInManaged (5ms)
				SetLoadedEditorAssemblies (0ms)
				RefreshPlugins (0ms)
				BeforeProcessingInitializeOnLoad (59ms)
				ProcessInitializeOnLoadAttributes (273ms)
				ProcessInitializeOnLoadMethodAttributes (3ms)
				AfterProcessingInitializeOnLoad (5ms)
				EditorAssembliesLoaded (0ms)
			ExecutionOrderSort2 (0ms)
			AwakeInstancesAfterBackupRestoration (6ms)
Platform modules already initialized, skipping
Refreshing native plugins compatible for Editor in 0.41 ms, found 2 plugins.
Preloading 0 native plugins for Editor in 0.00 ms.
Unloading 1659 Unused Serialized files (Serialized files now loaded: 0)
System memory in use before: 79.6 MB.
System memory in use after: 79.7 MB.

Unloading 13 unused Assets to reduce memory usage. Loaded Objects now: 2117.
Total: 3.068300 ms (FindLiveObjects: 0.189300 ms CreateObjectMapping: 0.048900 ms MarkObjects: 2.811500 ms  DeleteObjects: 0.017500 ms)

AssetImportParameters requested are different than current active one (requested -> active):
  custom:framework-win-MediaFoundation: 216162199b28c13a410421893ffa2e32 -> 
  custom:video-decoder-ogg-theora: a1e56fd34408186e4bbccfd4996cb3dc -> 
  custom:container-muxer-webm: aa71ff27fc2769a1b78a27578f13a17b -> 
  custom:container-demuxer-webm: 4f35f7cbe854078d1ac9338744f61a02 -> 
  custom:container-demuxer-ogg: 62fdf1f143b41e24485cea50d1cbac27 -> 
  custom:video-encoder-webm-vp8: eb34c28f22e8b96e1ab97ce403110664 -> 
  custom:video-decoder-webm-vp8: 9c59270c3fd7afecdb556c50c9e8de78 -> 
  custom:audio-decoder-ogg-vorbis: bf7c407c2cedff20999df2af8eb42d56 -> 
  custom:audio-encoder-webm-vorbis: bf7c407c2cedff20999df2af8eb42d56 -> 
========================================================================
Received Prepare
Registering precompiled user dll's ...
Registered in 0.004127 seconds.
Begin MonoManager ReloadAssembly
Native extension for WindowsStandalone target not found
Native extension for OSXStandalone target not found
Native extension for WebGL target not found
Refreshing native plugins compatible for Editor in 0.40 ms, found 2 plugins.
Preloading 0 native plugins for Editor in 0.00 ms.
Mono: successfully reloaded assembly
- Completed reload, in  0.942 seconds
Domain Reload Profiling:
	ReloadAssembly (942ms)
		BeginReloadAssembly (108ms)
			ExecutionOrderSort (0ms)
			DisableScriptedObjects (4ms)
			BackupInstance (0ms)
			ReleaseScriptingObjects (0ms)
			CreateAndSetChildDomain (31ms)
		EndReloadAssembly (778ms)
			LoadAssemblies (75ms)
			RebuildTransferFunctionScriptingTraits (0ms)
			SetupTypeCache (238ms)
			ReleaseScriptCaches (1ms)
			RebuildScriptCaches (31ms)
			SetupLoadedEditorAssemblies (347ms)
				LogAssemblyErrors (0ms)
				InitializePlatformSupportModulesInManaged (5ms)
				SetLoadedEditorAssemblies (0ms)
				RefreshPlugins (0ms)
				BeforeProcessingInitializeOnLoad (59ms)
				ProcessInitializeOnLoadAttributes (273ms)
				ProcessInitializeOnLoadMethodAttributes (3ms)
				AfterProcessingInitializeOnLoad (6ms)
				EditorAssembliesLoaded (0ms)
			ExecutionOrderSort2 (0ms)
			AwakeInstancesAfterBackupRestoration (6ms)
Platform modules already initialized, skipping
Refreshing native plugins compatible for Editor in 0.40 ms, found 2 plugins.
Preloading 0 native plugins for Editor in 0.00 ms.
Unloading 1659 Unused Serialized files (Serialized files now loaded: 0)
System memory in use before: 79.6 MB.
System memory in use after: 79.7 MB.

Unloading 13 unused Assets to reduce memory usage. Loaded Objects now: 2119.
Total: 2.742800 ms (FindLiveObjects: 0.163800 ms CreateObjectMapping: 0.050000 ms MarkObjects: 2.511000 ms  DeleteObjects: 0.017200 ms)

AssetImportParameters requested are different than current active one (requested -> active):
  custom:framework-win-MediaFoundation: 216162199b28c13a410421893ffa2e32 -> 
  custom:video-decoder-ogg-theora: a1e56fd34408186e4bbccfd4996cb3dc -> 
  custom:container-muxer-webm: aa71ff27fc2769a1b78a27578f13a17b -> 
  custom:container-demuxer-webm: 4f35f7cbe854078d1ac9338744f61a02 -> 
  custom:container-demuxer-ogg: 62fdf1f143b41e24485cea50d1cbac27 -> 
  custom:video-encoder-webm-vp8: eb34c28f22e8b96e1ab97ce403110664 -> 
  custom:video-decoder-webm-vp8: 9c59270c3fd7afecdb556c50c9e8de78 -> 
  custom:audio-decoder-ogg-vorbis: bf7c407c2cedff20999df2af8eb42d56 -> 
  custom:audio-encoder-webm-vorbis: bf7c407c2cedff20999df2af8eb42d56 -> 
========================================================================
Received Prepare
Registering precompiled user dll's ...
Registered in 0.005681 seconds.
Begin MonoManager ReloadAssembly
Native extension for WindowsStandalone target not found
Native extension for OSXStandalone target not found
Native extension for WebGL target not found
Refreshing native plugins compatible for Editor in 0.34 ms, found 2 plugins.
Preloading 0 native plugins for Editor in 0.00 ms.
Mono: successfully reloaded assembly
- Completed reload, in  1.046 seconds
Domain Reload Profiling:
	ReloadAssembly (1046ms)
		BeginReloadAssembly (105ms)
			ExecutionOrderSort (0ms)
			DisableScriptedObjects (4ms)
			BackupInstance (0ms)
			ReleaseScriptingObjects (0ms)
			CreateAndSetChildDomain (30ms)
		EndReloadAssembly (884ms)
			LoadAssemblies (73ms)
			RebuildTransferFunctionScriptingTraits (0ms)
			SetupTypeCache (234ms)
			ReleaseScriptCaches (1ms)
			RebuildScriptCaches (31ms)
			SetupLoadedEditorAssemblies (455ms)
				LogAssemblyErrors (0ms)
				InitializePlatformSupportModulesInManaged (5ms)
				SetLoadedEditorAssemblies (0ms)
				RefreshPlugins (0ms)
				BeforeProcessingInitializeOnLoad (64ms)
				ProcessInitializeOnLoadAttributes (375ms)
				ProcessInitializeOnLoadMethodAttributes (3ms)
				AfterProcessingInitializeOnLoad (7ms)
				EditorAssembliesLoaded (0ms)
			ExecutionOrderSort2 (0ms)
			AwakeInstancesAfterBackupRestoration (6ms)
Platform modules already initialized, skipping
Refreshing native plugins compatible for Editor in 0.35 ms, found 2 plugins.
Preloading 0 native plugins for Editor in 0.00 ms.
Unloading 1659 Unused Serialized files (Serialized files now loaded: 0)
System memory in use before: 79.6 MB.
System memory in use after: 79.7 MB.

Unloading 13 unused Assets to reduce memory usage. Loaded Objects now: 2121.
Total: 2.629200 ms (FindLiveObjects: 0.159600 ms CreateObjectMapping: 0.058700 ms MarkObjects: 2.396200 ms  DeleteObjects: 0.013700 ms)

AssetImportParameters requested are different than current active one (requested -> active):
  custom:framework-win-MediaFoundation: 216162199b28c13a410421893ffa2e32 -> 
  custom:video-decoder-ogg-theora: a1e56fd34408186e4bbccfd4996cb3dc -> 
  custom:container-muxer-webm: aa71ff27fc2769a1b78a27578f13a17b -> 
  custom:container-demuxer-webm: 4f35f7cbe854078d1ac9338744f61a02 -> 
  custom:container-demuxer-ogg: 62fdf1f143b41e24485cea50d1cbac27 -> 
  custom:video-encoder-webm-vp8: eb34c28f22e8b96e1ab97ce403110664 -> 
  custom:video-decoder-webm-vp8: 9c59270c3fd7afecdb556c50c9e8de78 -> 
  custom:audio-decoder-ogg-vorbis: bf7c407c2cedff20999df2af8eb42d56 -> 
  custom:audio-encoder-webm-vorbis: bf7c407c2cedff20999df2af8eb42d56 -> 
AssetImportWorkerClient::OnTransportError - code=2 error=End of file
